2019-02-01 12:13:28,779 INFO o.a.j.u.JMeterUtils: Setting Locale to en_US
2019-02-01 12:13:28,843 INFO o.a.j.JMeter: Loading user properties from: user.properties
2019-02-01 12:13:28,845 INFO o.a.j.JMeter: Loading system properties from: system.properties
2019-02-01 12:13:28,862 INFO o.a.j.JMeter: Copyright (c) 1998-2018 The Apache Software Foundation
2019-02-01 12:13:28,863 INFO o.a.j.JMeter: Version 5.0 r1840935
2019-02-01 12:13:28,864 INFO o.a.j.JMeter: java.version=1.8.0_191
2019-02-01 12:13:28,864 INFO o.a.j.JMeter: java.vm.name=OpenJDK 64-Bit Server VM
2019-02-01 12:13:28,864 INFO o.a.j.JMeter: os.name=Linux
2019-02-01 12:13:28,864 INFO o.a.j.JMeter: os.arch=amd64
2019-02-01 12:13:28,864 INFO o.a.j.JMeter: os.version=4.15.0-44-generic
2019-02-01 12:13:28,864 INFO o.a.j.JMeter: file.encoding=UTF-8
2019-02-01 12:13:28,865 INFO o.a.j.JMeter: Max memory     =921174016
2019-02-01 12:13:28,865 INFO o.a.j.JMeter: Available Processors =2
2019-02-01 12:13:28,879 INFO o.a.j.JMeter: Default Locale=English (United States)
2019-02-01 12:13:28,880 INFO o.a.j.JMeter: JMeter  Locale=English (United States)
2019-02-01 12:13:28,880 INFO o.a.j.JMeter: JMeterHome=/home/jorge/apache-jmeter-5.0
2019-02-01 12:13:28,880 INFO o.a.j.JMeter: user.dir  =/home/jorge/apache-jmeter-5.0/bin
2019-02-01 12:13:28,880 INFO o.a.j.JMeter: PWD       =/home/jorge/apache-jmeter-5.0/bin
2019-02-01 12:13:28,881 INFO o.a.j.JMeter: IP: 127.0.1.1 Name: jorge-VirtualBox FullName: jorge-VirtualBox
2019-02-01 12:13:29,469 INFO o.a.j.g.a.LookAndFeelCommand: Installing Darcula LAF
2019-02-01 12:13:29,630 INFO o.a.j.g.a.LookAndFeelCommand: Using look and feel: com.bulenkov.darcula.DarculaLaf [Darcula]
2019-02-01 12:13:29,633 INFO o.a.j.JMeter: Setting LAF to: com.bulenkov.darcula.DarculaLaf
2019-02-01 12:13:29,967 INFO o.a.j.JMeter: Loaded icon properties from org/apache/jmeter/images/icon.properties
2019-02-01 12:13:31,981 INFO o.a.j.e.u.CompoundVariable: Note: Function class names must contain the string: '.functions.'
2019-02-01 12:13:31,982 INFO o.a.j.e.u.CompoundVariable: Note: Function class names must not contain the string: '.gui.'
2019-02-01 12:13:34,832 INFO o.j.r.JARSourceHTTP: Requesting https://jmeter-plugins.org/repo/?installID=linux-e27f22fb9767eac0fd794968cc93f436-gui
2019-02-01 12:13:38,467 INFO o.a.j.p.h.s.HTTPSamplerBase: Parser for text/html is org.apache.jmeter.protocol.http.parser.LagartoBasedHtmlParser
2019-02-01 12:13:38,478 INFO o.a.j.p.h.s.HTTPSamplerBase: Parser for application/xhtml+xml is org.apache.jmeter.protocol.http.parser.LagartoBasedHtmlParser
2019-02-01 12:13:38,478 INFO o.a.j.p.h.s.HTTPSamplerBase: Parser for application/xml is org.apache.jmeter.protocol.http.parser.LagartoBasedHtmlParser
2019-02-01 12:13:38,479 INFO o.a.j.p.h.s.HTTPSamplerBase: Parser for text/xml is org.apache.jmeter.protocol.http.parser.LagartoBasedHtmlParser
2019-02-01 12:13:38,480 INFO o.a.j.p.h.s.HTTPSamplerBase: Parser for text/vnd.wap.wml is org.apache.jmeter.protocol.http.parser.RegexpHTMLParser
2019-02-01 12:13:38,480 INFO o.a.j.p.h.s.HTTPSamplerBase: Parser for text/css is org.apache.jmeter.protocol.http.parser.CssParser
2019-02-01 12:13:39,297 INFO o.j.r.PluginManager: Plugins Status: [jpgc-plugins-manager=1.3, jmeter-core=5.0, jmeter-ftp=5.0, jmeter-http=5.0, jmeter-jdbc=5.0, jmeter-jms=5.0, jmeter-junit=5.0, jmeter-java=5.0, jmeter-ldap=5.0, jmeter-mail=5.0, jmeter-mongodb=5.0, jmeter-native=5.0, jmeter-tcp=5.0, jmeter-components=5.0]
2019-02-01 12:13:39,702 INFO o.a.j.e.KeyToolUtils: keytool found at 'keytool'
2019-02-01 12:13:39,705 INFO o.a.j.p.h.p.ProxyControl: HTTP(S) Test Script Recorder SSL Proxy will use keys that support embedded 3rd party resources in file /home/jorge/apache-jmeter-5.0/bin/proxyserver.jks
2019-02-01 12:13:40,204 INFO o.a.j.s.FileServer: Default base='/home/jorge/apache-jmeter-5.0/bin'
2019-02-01 12:13:41,098 INFO o.a.j.s.SampleResult: Note: Sample TimeStamps are START times
2019-02-01 12:13:41,098 INFO o.a.j.s.SampleResult: sampleresult.default.encoding is set to ISO-8859-1
2019-02-01 12:13:41,098 INFO o.a.j.s.SampleResult: sampleresult.useNanoTime=true
2019-02-01 12:13:41,099 INFO o.a.j.s.SampleResult: sampleresult.nanoThreadSleep=5000
2019-02-01 12:13:41,250 WARN o.a.j.v.ViewResultsFullVisualizer: Error loading result renderer: org.apache.jmeter.visualizers.RenderInBrowser
java.lang.NoClassDefFoundError: javafx/scene/Parent
	at java.lang.Class.forName0(Native Method) ~[?:1.8.0_191]
	at java.lang.Class.forName(Class.java:264) ~[?:1.8.0_191]
	at org.apache.jmeter.visualizers.ViewResultsFullVisualizer.createComboRender(ViewResultsFullVisualizer.java:462) ~[ApacheJMeter_components.jar:5.0 r1840935]
	at org.apache.jmeter.visualizers.ViewResultsFullVisualizer.createLeftPanel(ViewResultsFullVisualizer.java:430) ~[ApacheJMeter_components.jar:5.0 r1840935]
	at org.apache.jmeter.visualizers.ViewResultsFullVisualizer.init(ViewResultsFullVisualizer.java:342) ~[ApacheJMeter_components.jar:5.0 r1840935]
	at org.apache.jmeter.visualizers.ViewResultsFullVisualizer.<init>(ViewResultsFullVisualizer.java:147) ~[ApacheJMeter_components.jar:5.0 r1840935]
	at sun.reflect.NativeConstructorAccessorImpl.newInstance0(Native Method) ~[?:1.8.0_191]
	at sun.reflect.NativeConstructorAccessorImpl.newInstance(NativeConstructorAccessorImpl.java:62) ~[?:1.8.0_191]
	at sun.reflect.DelegatingConstructorAccessorImpl.newInstance(DelegatingConstructorAccessorImpl.java:45) ~[?:1.8.0_191]
	at java.lang.reflect.Constructor.newInstance(Constructor.java:423) ~[?:1.8.0_191]
	at java.lang.Class.newInstance(Class.java:442) ~[?:1.8.0_191]
	at org.apache.jmeter.gui.util.MenuFactory.getGUIComponent(MenuFactory.java:174) ~[ApacheJMeter_core.jar:5.0 r1840935]
	at org.apache.jmeter.gui.util.MenuFactory.initializeMenus(MenuFactory.java:141) ~[ApacheJMeter_core.jar:5.0 r1840935]
	at org.apache.jmeter.gui.util.MenuFactory.<clinit>(MenuFactory.java:106) ~[ApacheJMeter_core.jar:5.0 r1840935]
	at org.apache.jmeter.control.gui.TestPlanGui.createPopupMenu(TestPlanGui.java:92) ~[ApacheJMeter_core.jar:5.0 r1840935]
	at org.apache.jmeter.gui.tree.JMeterTreeNode.createPopupMenu(JMeterTreeNode.java:184) ~[ApacheJMeter_core.jar:5.0 r1840935]
	at org.apache.jmeter.gui.action.EditCommand.doAction(EditCommand.java:46) ~[ApacheJMeter_core.jar:5.0 r1840935]
	at org.apache.jmeter.gui.action.ActionRouter.performAction(ActionRouter.java:88) ~[ApacheJMeter_core.jar:5.0 r1840935]
	at org.apache.jmeter.gui.action.ActionRouter.lambda$actionPerformed$0(ActionRouter.java:70) ~[ApacheJMeter_core.jar:5.0 r1840935]
	at java.awt.event.InvocationEvent.dispatch(InvocationEvent.java:311) [?:1.8.0_191]
	at java.awt.EventQueue.dispatchEventImpl(EventQueue.java:758) [?:1.8.0_191]
	at java.awt.EventQueue.access$500(EventQueue.java:97) [?:1.8.0_191]
	at java.awt.EventQueue$3.run(EventQueue.java:709) [?:1.8.0_191]
	at java.awt.EventQueue$3.run(EventQueue.java:703) [?:1.8.0_191]
	at java.security.AccessController.doPrivileged(Native Method) [?:1.8.0_191]
	at java.security.ProtectionDomain$JavaSecurityAccessImpl.doIntersectionPrivilege(ProtectionDomain.java:74) [?:1.8.0_191]
	at java.awt.EventQueue.dispatchEvent(EventQueue.java:728) [?:1.8.0_191]
	at org.GNOME.Accessibility.AtkWrapper$6.dispatchEvent(AtkWrapper.java:715) [java-atk-wrapper.jar:?]
	at java.awt.EventDispatchThread.pumpOneEventForFilters(EventDispatchThread.java:205) [?:1.8.0_191]
	at java.awt.EventDispatchThread.pumpEventsForFilter(EventDispatchThread.java:116) [?:1.8.0_191]
	at java.awt.EventDispatchThread.pumpEventsForHierarchy(EventDispatchThread.java:105) [?:1.8.0_191]
	at java.awt.EventDispatchThread.pumpEvents(EventDispatchThread.java:101) [?:1.8.0_191]
	at java.awt.EventDispatchThread.pumpEvents(EventDispatchThread.java:93) [?:1.8.0_191]
	at java.awt.EventDispatchThread.run(EventDispatchThread.java:82) [?:1.8.0_191]
Caused by: java.lang.ClassNotFoundException: javafx.scene.Parent
	at java.net.URLClassLoader.findClass(URLClassLoader.java:382) ~[?:1.8.0_191]
	at java.lang.ClassLoader.loadClass(ClassLoader.java:424) ~[?:1.8.0_191]
	at java.lang.ClassLoader.loadClass(ClassLoader.java:357) ~[?:1.8.0_191]
	... 34 more
